build/outputs/mapping/release/seeds.txt
com.omoda5.launcher.R$anim
com.omoda5.launcher.R$attr
com.omoda5.launcher.R$drawable
com.omoda5.launcher.services.SidebarService$musicCheckRunnable$1
com.omoda5.launcher.common.AppWatcher$checkRunnable$1
com.omoda5.launcher.R$color
com.omoda5.launcher.ui.MainActivity$bindListeners$2
com.omoda5.launcher.ui.MainActivity$buildPages$$inlined$sortedBy$1
com.omoda5.launcher.R$integer
com.omoda5.launcher.databinding.ActivityMainBinding
com.omoda5.launcher.R$interpolator
com.omoda5.launcher.ui.adapters.LauncherAdapter$PageViewHolder
com.omoda5.launcher.databinding.ItemLauncherIconBinding
com.omoda5.launcher.ui.MainActivity$Companion
com.omoda5.launcher.services.SidebarService$Companion
com.omoda5.launcher.services.CheryAccessibilityService
com.omoda5.launcher.model.LauncherItem
com.omoda5.launcher.common.AppWatcher$Listener
com.omoda5.launcher.ui.VehicleDataFragment$carServiceConnection$1
com.omoda5.launcher.R$id
com.omoda5.launcher.databinding.OverlaySidebarBinding
com.omoda5.launcher.services.SidebarService
com.omoda5.launcher.R$plurals
com.omoda5.launcher.common.AppWatcher
com.omoda5.launcher.common.PreferencesManager$Companion
com.omoda5.launcher.BootCompletedReceiver
com.omoda5.launcher.services.CheryAccessibilityService$Companion
com.omoda5.launcher.ui.MainActivity$getInstalledApps$$inlined$sortedBy$1
com.omoda5.launcher.ui.MainActivity
com.omoda5.launcher.databinding.FragmentVehicleDataBinding
com.omoda5.launcher.common.PreferencesManager
com.omoda5.launcher.databinding.ItemPageGridBinding
com.omoda5.launcher.ui.MainActivity$buildPages$$inlined$sortedBy$2
com.omoda5.launcher.R$mipmap
com.omoda5.launcher.R$style
com.omoda5.launcher.R$layout
com.omoda5.launcher.ui.adapters.LauncherAdapter
com.omoda5.launcher.R$bool
com.omoda5.launcher.ui.MainActivity$applyPagesToViewPager$2
com.omoda5.launcher.R$dimen
com.omoda5.launcher.ui.MainActivity$applyPagesToViewPager$1
com.omoda5.launcher.common.AppWatcher$Companion
com.omoda5.launcher.R$string
com.omoda5.launcher.services.SidebarService$startAppWatcher$1
com.omoda5.launcher.R$animator
com.omoda5.launcher.R$xml
com.omoda5.launcher.R
com.omoda5.launcher.ui.VehicleDataFragment$Companion
com.omoda5.launcher.ui.VehicleDataFragment
com.omoda5.launcher.databinding.ItemVehiclePropertyBinding
com.omoda5.launcher.R$dimen: int mtrl_bottomappbar_fab_cradle_margin
com.omoda5.launcher.R$style: int Widget_AppCompat_Light_ActionButton
com.omoda5.launcher.R$anim: int anim_enter
com.omoda5.launcher.R$drawable: int music_011
com.omoda5.launcher.R$dimen: int notification_big_circle_margin
com.omoda5.launcher.R$mipmap: int carinfo_light_adjust_bar_bg
com.omoda5.launcher.R$mipmap: int notification_bg_low_normal
com.omoda5.launcher.R$interpolator: int btn_checkbox_unchecked_mtrl_animation_interpolator_1
com.omoda5.launcher.R$mipmap: int setup_display_wallpaper_btn_p
com.omoda5.launcher.R$drawable: int listen_q_007
com.omoda5.launcher.R$interpolator: int fast_out_slow_in
com.omoda5.launcher.R$mipmap: int abc_list_pressed_holo_light
com.omoda5.launcher.R$drawable: int listen_r_054
com.omoda5.launcher.R$drawable: int abc_edit_text_material
com.omoda5.launcher.R$mipmap: int setup_display_wallpaper_btn_n
com.omoda5.launcher.R$style: int Base_ThemeOverlay_MaterialComponents_MaterialAlertDialog
com.omoda5.launcher.databinding.ActivityMainBinding: android.view.View indicatorDot2
com.omoda5.launcher.R$id: int action_bar_root
com.omoda5.launcher.R$dimen: int design_snackbar_text_size
com.omoda5.launcher.R$drawable: int mtrl_dialog_background
com.omoda5.launcher.R$drawable: int listen_l_057
com.omoda5.launcher.R$style: int Theme_MaterialComponents_DayNight_NoActionBar_Bridge
com.omoda5.launcher.R$drawable: int sidebar_music_anim
com.omoda5.launcher.R$style: int Widget_AppCompat_EditText
com.omoda5.launcher.R$style: int RtlOverlay_DialogWindowTitle_AppCompat
com.omoda5.launcher.R$color: int mtrl_tabs_ripple_color
com.omoda5.launcher.R$style: int Widget_Support_CoordinatorLayout
...
androidx.lifecycle.ReportFragment$LifecycleCallbacks: void onActivityPostStarted(android.app.Activity)
com.google.android.material.textfield.TextInputLayout: android.content.res.ColorStateList getPrefixTextColor()
androidx.appcompat.widget.MenuPopupWindow$Api23Impl: void setExitTransition(android.widget.PopupWindow,android.transition.Transition)
androidx.appcompat.app.AppCompatActivity: void onSupportActionModeStarted(androidx.appcompat.view.ActionMode)
androidx.core.view.WindowInsetsCompat$Impl20: void setRootWindowInsets(androidx.core.view.WindowInsetsCompat)
androidx.fragment.app.Fragment: void setMenuVisibility(boolean)
androidx.versionedparcelable.CustomVersionedParcelable: CustomVersionedParcelable()
androidx.recyclerview.widget.RecyclerView: void setAccessibilityDelegateCompat(androidx.recyclerview.widget.RecyclerViewAccessibilityDelegate)
androidx.appcompat.widget.AppCompatImageView: void setBackgroundResource(int)
androidx.activity.OnBackPressedDispatcher$Api33Impl: android.window.OnBackInvokedCallback createOnBackInvokedCallback(kotlin.jvm.functions.Function0)
androidx.lifecycle.EmptyActivityLifecycleCallbacks: void onActivityPaused(android.app.Activity)
androidx.core.app.RemoteActionCompat: RemoteActionCompat()
androidx.core.graphics.drawable.IconCompatParcelizer: androidx.core.graphics.drawable.IconCompat read(androidx.versionedparcelable.VersionedParcel)
androidx.appcompat.widget.AppCompatTextView: java.lang.CharSequence getText()
com.google.android.material.textfield.TextInputLayout: int getErrorCurrentTextColors()
androidx.core.view.WindowInsetsCompat$Impl: void copyWindowDataInto(androidx.core.view.WindowInsetsCompat)
androidx.appcompat.widget.ContentFrameLayout: android.util.TypedValue getFixedHeightMajor()
com.google.android.material.button.MaterialButton: void setIconTint(android.content.res.ColorStateList)
androidx.core.view.accessibility.AccessibilityNodeInfoCompat$Api34Impl: void setBoundsInWindow(android.view.accessibility.AccessibilityNodeInfo,android.graphics.Rect)
com.google.android.material.bottomappbar.BottomAppBar$Behavior: BottomAppBar$Behavior()
androidx.core.view.ViewParentCompat$Api21Impl: void onNestedScroll(android.view.ViewParent,android.view.View,int,int,int,int)
androidx.appcompat.widget.FitWindowsFrameLayout: FitWindowsFrameLayout(android.content.Context,android.util.AttributeSet)
com.google.android.material.textfield.MaterialAutoCompleteTextView: android.content.res.ColorStateList getDropDownBackgroundTintList()
androidx.core.widget.NestedScrollView: int getScrollRange()
com.google.android.material.chip.Chip: void setShapeAppearanceModel(com.google.android.material.shape.ShapeAppearanceModel)
androidx.fragment.app.Fragment: boolean performContextItemSelected(android.view.MenuItem)
com.google.android.material.bottomsheet.BottomSheetBehavior: BottomSheetBehavior(android.content.Context,android.util.AttributeSet)
androidx.recyclerview.widget.RecyclerView$ViewHolder: int getAbsoluteAdapterPosition()
androidx.cardview.widget.CardView: void setRadius(float)
com.google.android.material.chip.Chip: void setChipCornerRadiusResource(int)
androidx.fragment.app.Fragment: void setPostOnViewCreatedAlpha(float)
androidx.recyclerview.widget.RecyclerView: void setEdgeEffectFactory(androidx.recyclerview.widget.RecyclerView$EdgeEffectFactory)
com.google.android.material.appbar.MaterialToolbar: void setElevation(float)
androidx.fragment.app.Fragment: java.lang.CharSequence getText(int)
androidx.appcompat.widget.AppCompatButton: void setAutoSizeTextTypeWithDefaults(int)
androidx.appcompat.widget.Toolbar: int getContentInsetStartWithNavigation()
androidx.cardview.widget.CardView: float getRadius()
androidx.core.app.NotificationCompatBuilder$Api23Impl: android.app.Notification$Builder setSmallIcon(android.app.Notification$Builder,java.lang.Object)
androidx.appcompat.widget.Toolbar: void setSubtitleTextColor(android.content.res.ColorStateList)