build/outputs/mapping/release/mapping.txt
# compiler: R8
# compiler_version: 8.5.35
# min_api: 24
# common_typos_disable
# {"id":"com.android.tools.r8.mapping","version":"2.2"}
# pg_map_id: 3bfe177
# pg_map_hash: SHA-256 3bfe177be701221100778e91ae4cc6475654cc863daaefb9dfb259800b9d975e
com.omoda5.launcher.BootCompletedReceiver -> com.omoda5.launcher.BootCompletedReceiver:
# {"id":"sourceFile","fileName":"BootCompletedReceiver.kt"}
com.omoda5.launcher.common.AppWatcher -> com.omoda5.launcher.common.AppWatcher:
# {"id":"sourceFile","fileName":"AppWatcher.kt"}
com.omoda5.launcher.common.AppWatcher$Companion -> com.omoda5.launcher.common.AppWatcher$Companion:
# {"id":"sourceFile","fileName":"AppWatcher.kt"}
    1:1:void <init>():0:0 -> <init>
    2:2:void <init>(kotlin.jvm.internal.DefaultConstructorMarker):0:0 -> <init>
      # {"id":"com.android.tools.r8.residualsignature","signature":"(La1/c;)V"}
com.omoda5.launcher.common.AppWatcher$Listener -> com.omoda5.launcher.common.AppWatcher$Listener:
# {"id":"sourceFile","fileName":"AppWatcher.kt"}
com.omoda5.launcher.common.AppWatcher$checkRunnable$1 -> com.omoda5.launcher.common.AppWatcher$checkRunnable$1:
# {"id":"sourceFile","fileName":"AppWatcher.kt"}
    15:20:boolean kotlin.jvm.internal.Intrinsics.areEqual(java.lang.Object,java.lang.Object):0:0 -> run
    15:20:void run():0 -> run
    21:56:void run():0:0 -> run
com.omoda5.launcher.common.PreferencesManager -> com.omoda5.launcher.common.PreferencesManager:
# {"id":"sourceFile","fileName":"PreferencesManager.kt"}
com.omoda5.launcher.common.PreferencesManager$Companion -> com.omoda5.launcher.common.PreferencesManager$Companion:
# {"id":"sourceFile","fileName":"PreferencesManager.kt"}
    1:1:void <init>():0:0 -> <init>
    2:2:void <init>(kotlin.jvm.internal.DefaultConstructorMarker):0:0 -> <init>
      # {"id":"com.android.tools.r8.residualsignature","signature":"(La1/c;)V"}
com.omoda5.launcher.databinding.ActivityMainBinding -> com.omoda5.launcher.databinding.ActivityMainBinding:
# {"id":"sourceFile","fileName":"ActivityMainBinding.java"}
    1:1:android.view.View getRoot():0:0 -> getRoot
    2:2:androidx.constraintlayout.widget.ConstraintLayout getRoot():0:0 -> getRoot
    1:1:com.omoda5.launcher.databinding.ActivityMainBinding inflate(android.view.LayoutInflater):0:0 -> inflate
    2:2:com.omoda5.launcher.databinding.ActivityMainBinding inflate(android.view.LayoutInflater,android.view.ViewGroup,boolean):0:0 -> inflate
com.omoda5.launcher.databinding.FragmentVehicleDataBinding -> com.omoda5.launcher.databinding.FragmentVehicleDataBinding:
# {"id":"sourceFile","fileName":"FragmentVehicleDataBinding.java"}
    1:1:android.view.View getRoot():0:0 -> getRoot
    2:2:androidx.constraintlayout.widget.ConstraintLayout getRoot():0:0 -> getRoot
    1:1:com.omoda5.launcher.databinding.FragmentVehicleDataBinding inflate(android.view.LayoutInflater):0:0 -> inflate
    2:2:com.omoda5.launcher.databinding.FragmentVehicleDataBinding inflate(android.view.LayoutInflater,android.view.ViewGroup,boolean):0:0 -> inflate
com.omoda5.launcher.databinding.ItemLauncherIconBinding -> com.omoda5.launcher.databinding.ItemLauncherIconBinding:
# {"id":"sourceFile","fileName":"ItemLauncherIconBinding.java"}
    1:1:android.view.View getRoot():0:0 -> getRoot
    2:2:android.widget.LinearLayout getRoot():0:0 -> getRoot
    1:1:com.omoda5.launcher.databinding.ItemLauncherIconBinding inflate(android.view.LayoutInflater):0:0 -> inflate
    2:2:com.omoda5.launcher.databinding.ItemLauncherIconBinding inflate(android.view.LayoutInflater,android.view.ViewGroup,boolean):0:0 -> inflate
com.omoda5.launcher.databinding.ItemPageGridBinding -> com.omoda5.launcher.databinding.ItemPageGridBinding:
# {"id":"sourceFile","fileName":"ItemPageGridBinding.java"}
    1:1:android.view.View getRoot():0:0 -> getRoot
    2:2:android.widget.GridLayout getRoot():0:0 -> getRoot
    1:1:com.omoda5.launcher.databinding.ItemPageGridBinding inflate(android.view.LayoutInflater):0:0 -> inflate
    2:2:com.omoda5.launcher.databinding.ItemPageGridBinding inflate(android.view.LayoutInflater,android.view.ViewGroup,boolean):0:0 -> inflate
...
androidx.fragment.app.FragmentManager$1 -> androidx.fragment.app.N:
# {"id":"sourceFile","fileName":"FragmentManager.java"}
    boolean androidx.activity.OnBackPressedCallback.isEnabled -> a
    java.util.concurrent.CopyOnWriteArrayList androidx.activity.OnBackPressedCallback.cancellables -> b
    kotlin.jvm.functions.Function0 androidx.activity.OnBackPressedCallback.enabledChangedCallback -> c
      # {"id":"com.android.tools.r8.residualsignature","signature":"LZ0/a;"}
    androidx.fragment.app.FragmentManager this$0 -> d
      # {"id":"com.android.tools.r8.residualsignature","signature":"Landroidx/fragment/app/W;"}
    1:2:void <init>(androidx.fragment.app.FragmentManager,boolean):0:0 -> <init>
      # {"id":"com.android.tools.r8.residualsignature","signature":"(Landroidx/fragment/app/W;)V"}
    3:16:void androidx.activity.OnBackPressedCallback.<init>(boolean):0:0 -> <init>
    3:16:void <init>(androidx.fragment.app.FragmentManager,boolean):0 -> <init>
androidx.fragment.app.FragmentManager$10 -> androidx.fragment.app.M:
# {"id":"sourceFile","fileName":"FragmentManager.java"}
    int $r8$classId -> a
      # {"id":"com.android.tools.r8.synthesized"}
    androidx.fragment.app.FragmentManager this$0 -> b
      # {"id":"com.android.tools.r8.residualsignature","signature":"Landroidx/fragment/app/W;"}
    1:1:void <init>(androidx.fragment.app.FragmentManager,int):0:0 -> <init>
      # {"id":"com.android.tools.r8.synthesized"}
      # {"id":"com.android.tools.r8.residualsignature","signature":"(Landroidx/fragment/app/W;I)V"}
    8:31:void androidx.fragment.app.FragmentManager$9.onActivityResult(androidx.activity.result.ActivityResult):0:0 -> a
    8:31:void androidx.fragment.app.FragmentManager$9.onActivityResult(java.lang.Object):0 -> a
    8:31:void onActivityResult(java.lang.Object):0 -> a
      # {"id":"com.android.tools.r8.synthesized"}
    32:33:int androidx.activity.result.ActivityResult.getResultCode():0:0 -> a
    32:33:void androidx.fragment.app.FragmentManager$9.onActivityResult(androidx.activity.result.ActivityResult):0 -> a
      # {"id":"com.android.tools.r8.rewriteFrame","conditions":["throws(Ljava/lang/NullPointerException;)"],"actions":["removeInnerFrames(1)"]}
    32:33:void androidx.fragment.app.FragmentManager$9.onActivityResult(java.lang.Object):0 -> a
    32:33:void onActivityResult(java.lang.Object):0 -> a
androidx.fragment.app.FragmentManager$2 -> androidx.fragment.app.O:
# {"id":"sourceFile","fileName":"FragmentManager.java"}
    androidx.fragment.app.FragmentManager this$0 -> a
      # {"id":"com.android.tools.r8.residualsignature","signature":"Landroidx/fragment/app/W;"}