build/outputs/mapping/release/usage.txt
androidx.fragment.app.FragmentHostCallback:
    public void <init>(android.content.Context,android.os.Handler,int)
    public android.view.View onFindViewById(int)
    public int onGetWindowAnimations()
    public boolean onHasView()
    public boolean onHasWindowAnimations()
    public boolean onShouldSaveFragmentState(androidx.fragment.app.Fragment)
    public void onStartActivityFromFragment(androidx.fragment.app.Fragment,android.content.Intent,int)
androidx.fragment.app.FragmentLayoutInflaterFactory:
    private static final java.lang.String TAG
androidx.fragment.app.FragmentLifecycleCallbacksDispatcher$FragmentLifecycleCallbacksHolder:
    void <init>(androidx.fragment.app.FragmentManager$FragmentLifecycleCallbacks,boolean)
androidx.fragment.app.FragmentLifecycleCallbacksDispatcher:
    public void registerFragmentLifecycleCallbacks(androidx.fragment.app.FragmentManager$FragmentLifecycleCallbacks,boolean)
    public void unregisterFragmentLifecycleCallbacks(androidx.fragment.app.FragmentManager$FragmentLifecycleCallbacks)
androidx.fragment.app.FragmentManager$6:
    void <init>(androidx.fragment.app.FragmentManager,java.lang.String,androidx.fragment.app.FragmentResultListener,androidx.lifecycle.Lifecycle)
androidx.fragment.app.FragmentManager$BackStackEntry
androidx.fragment.app.FragmentManager$ClearBackStackState
androidx.fragment.app.FragmentManager$FragmentLifecycleCallbacks:
    public void <init>()
androidx.fragment.app.FragmentManager$LifecycleAwareResultListener
androidx.fragment.app.FragmentManager$RestoreBackStackState
androidx.fragment.app.FragmentManager$SaveBackStackState
androidx.fragment.app.FragmentManager:
    private static final java.lang.String EXTRA_CREATED_FILLIN_INTENT
    static final java.lang.String FRAGMENT_MANAGER_STATE_TAG
    static final java.lang.String FRAGMENT_NAME_PREFIX
    static final java.lang.String FRAGMENT_STATE_TAG
    public static final int POP_BACK_STACK_INCLUSIVE
    static final java.lang.String RESULT_NAME_PREFIX
    static final java.lang.String SAVED_STATE_TAG
    public static final java.lang.String TAG
    public void addOnBackStackChangedListener(androidx.fragment.app.FragmentManager$OnBackStackChangedListener)
    public void clearBackStack(java.lang.String)
    boolean clearBackStackState(java.util.ArrayList,java.util.ArrayList,java.lang.String)
    public final void clearFragmentResultListener(java.lang.String)
    public static void enableDebugLogging(boolean)
    public boolean executePendingTransactions()
    public static androidx.fragment.app.Fragment findFragment(android.view.View)
    int getActiveFragmentCount()
    java.util.List getActiveFragments()
    public androidx.fragment.app.FragmentManager$BackStackEntry getBackStackEntryAt(int)
    public androidx.fragment.app.Fragment getFragment(android.os.Bundle,java.lang.String)
    androidx.fragment.app.FragmentStore getFragmentStore()
    public androidx.fragment.app.FragmentTransaction openTransaction()
    public void popBackStack(int,int)
    public boolean popBackStackImmediate(java.lang.String,int)
androidx.fragment.app.FragmentManagerNonConfig
androidx.fragment.app.FragmentManagerViewModel:
    private static final java.lang.String TAG
    androidx.fragment.app.FragmentManagerNonConfig getSnapshot()
    void restoreFromSnapshot(androidx.fragment.app.FragmentManagerNonConfig)
androidx.fragment.app.FragmentPagerAdapter
androidx.fragment.app.FragmentResultOwner
androidx.fragment.app.FragmentStateManager:
    private static final java.lang.String TAG
    private static final java.lang.String TARGET_REQUEST_CODE_STATE_TAG
    private static final java.lang.String TARGET_STATE_TAG
    private static final java.lang.String USER_VISIBLE_HINT_TAG
    private static final java.lang.String VIEW_REGISTRY_STATE_TAG
    private static final java.lang.String VIEW_STATE_TAG
    androidx.fragment.app.Fragment$SavedState saveInstanceState()
androidx.fragment.app.FragmentStatePagerAdapter